{"/home/karina/Documents/Glints Academy/GlintsXBinar/Week 6/Day-30/index.js": {"path":"/home/karina/Documents/Glints Academy/GlintsXBinar/Week 6/Day-30/index.js","statementMap":{"0":{"start":{"line":1,"column":0},"end":{"line":1,"column":67}},"1":{"start":{"line":4,"column":16},"end":{"line":4,"column":34}},"2":{"start":{"line":5,"column":19},"end":{"line":5,"column":48}},"3":{"start":{"line":8,"column":18},"end":{"line":8,"column":47}},"4":{"start":{"line":9,"column":23},"end":{"line":9,"column":57}},"5":{"start":{"line":10,"column":20},"end":{"line":10,"column":51}},"6":{"start":{"line":13,"column":12},"end":{"line":13,"column":21}},"7":{"start":{"line":16,"column":0},"end":{"line":16,"column":24}},"8":{"start":{"line":17,"column":0},"end":{"line":21,"column":2}},"9":{"start":{"line":24,"column":0},"end":{"line":24,"column":22}},"10":{"start":{"line":27,"column":0},"end":{"line":27,"column":34}},"11":{"start":{"line":30,"column":0},"end":{"line":30,"column":28}},"12":{"start":{"line":31,"column":0},"end":{"line":31,"column":32}},"13":{"start":{"line":32,"column":0},"end":{"line":32,"column":38}},"14":{"start":{"line":35,"column":0},"end":{"line":38,"column":1}},"15":{"start":{"line":37,"column":2},"end":{"line":37,"column":64}},"16":{"start":{"line":37,"column":25},"end":{"line":37,"column":62}},"17":{"start":{"line":41,"column":0},"end":{"line":41,"column":21}}},"fnMap":{"0":{"name":"(anonymous_0)","decl":{"start":{"line":37,"column":19},"end":{"line":37,"column":20}},"loc":{"start":{"line":37,"column":25},"end":{"line":37,"column":62}},"line":37}},"branchMap":{"0":{"loc":{"start":{"line":35,"column":0},"end":{"line":38,"column":1}},"type":"if","locations":[{"start":{"line":35,"column":0},"end":{"line":38,"column":1}},{"start":{"line":35,"column":0},"end":{"line":38,"column":1}}],"line":35}},"s":{"0":1,"1":1,"2":1,"3":1,"4":1,"5":1,"6":1,"7":1,"8":1,"9":1,"10":1,"11":1,"12":1,"13":1,"14":1,"15":0,"16":0,"17":1},"f":{"0":0},"b":{"0":[0,1]},"_coverageSchema":"1a1c01bbd47fc00a2c39e90264f33305004495a9","hash":"60b1009c4970122c0f72a8fa1b3b034dd1bc6aba"}
,"/home/karina/Documents/Glints Academy/GlintsXBinar/Week 6/Day-30/controllers/authController.js": {"path":"/home/karina/Documents/Glints Academy/GlintsXBinar/Week 6/Day-30/controllers/authController.js","statementMap":{"0":{"start":{"line":1,"column":12},"end":{"line":1,"column":35}},"1":{"start":{"line":5,"column":4},"end":{"line":31,"column":5}},"2":{"start":{"line":8,"column":19},"end":{"line":12,"column":7}},"3":{"start":{"line":16,"column":20},"end":{"line":18,"column":8}},"4":{"start":{"line":21,"column":6},"end":{"line":24,"column":9}},"5":{"start":{"line":27,"column":6},"end":{"line":30,"column":9}},"6":{"start":{"line":35,"column":0},"end":{"line":35,"column":38}}},"fnMap":{"0":{"name":"(anonymous_0)","decl":{"start":{"line":4,"column":2},"end":{"line":4,"column":3}},"loc":{"start":{"line":4,"column":27},"end":{"line":32,"column":3}},"line":4}},"branchMap":{},"s":{"0":1,"1":1,"2":1,"3":1,"4":1,"5":0,"6":1},"f":{"0":1},"b":{},"_coverageSchema":"1a1c01bbd47fc00a2c39e90264f33305004495a9","hash":"a9b9c63004eaf3179c1fc3f811fd260572848a7e"}
,"/home/karina/Documents/Glints Academy/GlintsXBinar/Week 6/Day-30/controllers/barangController.js": {"path":"/home/karina/Documents/Glints Academy/GlintsXBinar/Week 6/Day-30/controllers/barangController.js","statementMap":{"0":{"start":{"line":1,"column":50},"end":{"line":1,"column":70}},"1":{"start":{"line":5,"column":4},"end":{"line":25,"column":5}},"2":{"start":{"line":7,"column":24},"end":{"line":7,"column":53}},"3":{"start":{"line":10,"column":17},"end":{"line":12,"column":28}},"4":{"start":{"line":15,"column":6},"end":{"line":18,"column":9}},"5":{"start":{"line":20,"column":6},"end":{"line":20,"column":23}},"6":{"start":{"line":21,"column":6},"end":{"line":24,"column":9}},"7":{"start":{"line":29,"column":0},"end":{"line":29,"column":40}}},"fnMap":{"0":{"name":"(anonymous_0)","decl":{"start":{"line":4,"column":2},"end":{"line":4,"column":3}},"loc":{"start":{"line":4,"column":25},"end":{"line":26,"column":3}},"line":4}},"branchMap":{},"s":{"0":1,"1":0,"2":0,"3":0,"4":0,"5":0,"6":0,"7":1},"f":{"0":0},"b":{},"_coverageSchema":"1a1c01bbd47fc00a2c39e90264f33305004495a9","hash":"0a4dcbf8142d5da004ce921a384b05b1ace7dcc2"}
,"/home/karina/Documents/Glints Academy/GlintsXBinar/Week 6/Day-30/controllers/transaksiController.js": {"path":"/home/karina/Documents/Glints Academy/GlintsXBinar/Week 6/Day-30/controllers/transaksiController.js","statementMap":{"0":{"start":{"line":1,"column":50},"end":{"line":1,"column":70}},"1":{"start":{"line":6,"column":4},"end":{"line":27,"column":5}},"2":{"start":{"line":8,"column":17},"end":{"line":8,"column":39}},"3":{"start":{"line":11,"column":6},"end":{"line":15,"column":7}},"4":{"start":{"line":12,"column":8},"end":{"line":14,"column":11}},"5":{"start":{"line":18,"column":6},"end":{"line":21,"column":9}},"6":{"start":{"line":23,"column":6},"end":{"line":26,"column":9}},"7":{"start":{"line":32,"column":4},"end":{"line":53,"column":5}},"8":{"start":{"line":34,"column":17},"end":{"line":34,"column":64}},"9":{"start":{"line":37,"column":6},"end":{"line":41,"column":7}},"10":{"start":{"line":38,"column":8},"end":{"line":40,"column":11}},"11":{"start":{"line":44,"column":6},"end":{"line":47,"column":9}},"12":{"start":{"line":49,"column":6},"end":{"line":52,"column":9}},"13":{"start":{"line":58,"column":4},"end":{"line":80,"column":5}},"14":{"start":{"line":60,"column":17},"end":{"line":60,"column":49}},"15":{"start":{"line":71,"column":6},"end":{"line":74,"column":9}},"16":{"start":{"line":76,"column":6},"end":{"line":79,"column":9}},"17":{"start":{"line":85,"column":4},"end":{"line":109,"column":5}},"18":{"start":{"line":87,"column":17},"end":{"line":95,"column":7}},"19":{"start":{"line":100,"column":6},"end":{"line":103,"column":9}},"20":{"start":{"line":105,"column":6},"end":{"line":108,"column":9}},"21":{"start":{"line":114,"column":4},"end":{"line":126,"column":5}},"22":{"start":{"line":116,"column":6},"end":{"line":116,"column":53}},"23":{"start":{"line":118,"column":6},"end":{"line":120,"column":9}},"24":{"start":{"line":122,"column":6},"end":{"line":125,"column":9}},"25":{"start":{"line":130,"column":0},"end":{"line":130,"column":43}}},"fnMap":{"0":{"name":"(anonymous_0)","decl":{"start":{"line":5,"column":2},"end":{"line":5,"column":3}},"loc":{"start":{"line":5,"column":25},"end":{"line":28,"column":3}},"line":5},"1":{"name":"(anonymous_1)","decl":{"start":{"line":31,"column":2},"end":{"line":31,"column":3}},"loc":{"start":{"line":31,"column":25},"end":{"line":54,"column":3}},"line":31},"2":{"name":"(anonymous_2)","decl":{"start":{"line":57,"column":2},"end":{"line":57,"column":3}},"loc":{"start":{"line":57,"column":25},"end":{"line":81,"column":3}},"line":57},"3":{"name":"(anonymous_3)","decl":{"start":{"line":84,"column":2},"end":{"line":84,"column":3}},"loc":{"start":{"line":84,"column":25},"end":{"line":110,"column":3}},"line":84},"4":{"name":"(anonymous_4)","decl":{"start":{"line":113,"column":2},"end":{"line":113,"column":3}},"loc":{"start":{"line":113,"column":25},"end":{"line":127,"column":3}},"line":113}},"branchMap":{"0":{"loc":{"start":{"line":11,"column":6},"end":{"line":15,"column":7}},"type":"if","locations":[{"start":{"line":11,"column":6},"end":{"line":15,"column":7}},{"start":{"line":11,"column":6},"end":{"line":15,"column":7}}],"line":11},"1":{"loc":{"start":{"line":37,"column":6},"end":{"line":41,"column":7}},"type":"if","locations":[{"start":{"line":37,"column":6},"end":{"line":41,"column":7}},{"start":{"line":37,"column":6},"end":{"line":41,"column":7}}],"line":37}},"s":{"0":1,"1":0,"2":0,"3":0,"4":0,"5":0,"6":0,"7":0,"8":0,"9":0,"10":0,"11":0,"12":0,"13":0,"14":0,"15":0,"16":0,"17":0,"18":0,"19":0,"20":0,"21":0,"22":0,"23":0,"24":0,"25":1},"f":{"0":0,"1":0,"2":0,"3":0,"4":0},"b":{"0":[0,0],"1":[0,0]},"_coverageSchema":"1a1c01bbd47fc00a2c39e90264f33305004495a9","hash":"1457d9dfbc73ad40311d522cfe27ad38be603c1b"}
,"/home/karina/Documents/Glints Academy/GlintsXBinar/Week 6/Day-30/middlewares/auth/index.js": {"path":"/home/karina/Documents/Glints Academy/GlintsXBinar/Week 6/Day-30/middlewares/auth/index.js","statementMap":{"0":{"start":{"line":1,"column":17},"end":{"line":1,"column":36}},"1":{"start":{"line":2,"column":22},"end":{"line":2,"column":56}},"2":{"start":{"line":3,"column":15},"end":{"line":3,"column":32}},"3":{"start":{"line":4,"column":20},"end":{"line":4,"column":52}},"4":{"start":{"line":5,"column":19},"end":{"line":5,"column":53}},"5":{"start":{"line":6,"column":17},"end":{"line":6,"column":40}},"6":{"start":{"line":8,"column":0},"end":{"line":38,"column":2}},"7":{"start":{"line":10,"column":2},"end":{"line":37,"column":21}},"8":{"start":{"line":17,"column":4},"end":{"line":22,"column":5}},"9":{"start":{"line":18,"column":6},"end":{"line":21,"column":9}},"10":{"start":{"line":25,"column":4},"end":{"line":29,"column":5}},"11":{"start":{"line":26,"column":6},"end":{"line":28,"column":9}},"12":{"start":{"line":33,"column":4},"end":{"line":33,"column":20}},"13":{"start":{"line":36,"column":4},"end":{"line":36,"column":11}},"14":{"start":{"line":41,"column":0},"end":{"line":73,"column":2}},"15":{"start":{"line":50,"column":6},"end":{"line":70,"column":7}},"16":{"start":{"line":53,"column":25},"end":{"line":53,"column":52}},"17":{"start":{"line":59,"column":8},"end":{"line":61,"column":11}},"18":{"start":{"line":67,"column":8},"end":{"line":69,"column":11}},"19":{"start":{"line":75,"column":0},"end":{"line":105,"column":2}},"20":{"start":{"line":77,"column":2},"end":{"line":104,"column":21}},"21":{"start":{"line":84,"column":4},"end":{"line":89,"column":5}},"22":{"start":{"line":85,"column":6},"end":{"line":88,"column":9}},"23":{"start":{"line":92,"column":4},"end":{"line":96,"column":5}},"24":{"start":{"line":93,"column":6},"end":{"line":95,"column":9}},"25":{"start":{"line":100,"column":4},"end":{"line":100,"column":20}},"26":{"start":{"line":103,"column":4},"end":{"line":103,"column":11}},"27":{"start":{"line":108,"column":0},"end":{"line":158,"column":2}},"28":{"start":{"line":117,"column":6},"end":{"line":155,"column":7}},"29":{"start":{"line":120,"column":25},"end":{"line":120,"column":54}},"30":{"start":{"line":123,"column":8},"end":{"line":127,"column":9}},"31":{"start":{"line":124,"column":10},"end":{"line":126,"column":13}},"32":{"start":{"line":130,"column":23},"end":{"line":130,"column":74}},"33":{"start":{"line":133,"column":8},"end":{"line":137,"column":9}},"34":{"start":{"line":134,"column":10},"end":{"line":136,"column":13}},"35":{"start":{"line":143,"column":8},"end":{"line":145,"column":11}},"36":{"start":{"line":147,"column":8},"end":{"line":147,"column":23}},"37":{"start":{"line":152,"column":8},"end":{"line":154,"column":11}},"38":{"start":{"line":160,"column":0},"end":{"line":190,"column":2}},"39":{"start":{"line":162,"column":2},"end":{"line":189,"column":21}},"40":{"start":{"line":169,"column":4},"end":{"line":174,"column":5}},"41":{"start":{"line":170,"column":6},"end":{"line":173,"column":9}},"42":{"start":{"line":177,"column":4},"end":{"line":181,"column":5}},"43":{"start":{"line":178,"column":6},"end":{"line":180,"column":9}},"44":{"start":{"line":185,"column":4},"end":{"line":185,"column":20}},"45":{"start":{"line":188,"column":4},"end":{"line":188,"column":11}},"46":{"start":{"line":192,"column":0},"end":{"line":219,"column":2}},"47":{"start":{"line":200,"column":6},"end":{"line":216,"column":7}},"48":{"start":{"line":202,"column":26},"end":{"line":202,"column":68}},"49":{"start":{"line":205,"column":8},"end":{"line":207,"column":9}},"50":{"start":{"line":206,"column":10},"end":{"line":206,"column":40}},"51":{"start":{"line":209,"column":8},"end":{"line":211,"column":11}},"52":{"start":{"line":213,"column":8},"end":{"line":215,"column":11}}},"fnMap":{"0":{"name":"(anonymous_0)","decl":{"start":{"line":8,"column":17},"end":{"line":8,"column":18}},"loc":{"start":{"line":8,"column":37},"end":{"line":38,"column":1}},"line":8},"1":{"name":"(anonymous_1)","decl":{"start":{"line":10,"column":54},"end":{"line":10,"column":55}},"loc":{"start":{"line":10,"column":75},"end":{"line":37,"column":3}},"line":10},"2":{"name":"(anonymous_2)","decl":{"start":{"line":49,"column":4},"end":{"line":49,"column":5}},"loc":{"start":{"line":49,"column":42},"end":{"line":71,"column":5}},"line":49},"3":{"name":"(anonymous_3)","decl":{"start":{"line":75,"column":17},"end":{"line":75,"column":18}},"loc":{"start":{"line":75,"column":37},"end":{"line":105,"column":1}},"line":75},"4":{"name":"(anonymous_4)","decl":{"start":{"line":77,"column":54},"end":{"line":77,"column":55}},"loc":{"start":{"line":77,"column":75},"end":{"line":104,"column":3}},"line":77},"5":{"name":"(anonymous_5)","decl":{"start":{"line":116,"column":4},"end":{"line":116,"column":5}},"loc":{"start":{"line":116,"column":42},"end":{"line":156,"column":5}},"line":116},"6":{"name":"(anonymous_6)","decl":{"start":{"line":160,"column":16},"end":{"line":160,"column":17}},"loc":{"start":{"line":160,"column":36},"end":{"line":190,"column":1}},"line":160},"7":{"name":"(anonymous_7)","decl":{"start":{"line":162,"column":30},"end":{"line":162,"column":31}},"loc":{"start":{"line":162,"column":51},"end":{"line":189,"column":3}},"line":162},"8":{"name":"(anonymous_8)","decl":{"start":{"line":199,"column":4},"end":{"line":199,"column":5}},"loc":{"start":{"line":199,"column":27},"end":{"line":217,"column":5}},"line":199}},"branchMap":{"0":{"loc":{"start":{"line":17,"column":4},"end":{"line":22,"column":5}},"type":"if","locations":[{"start":{"line":17,"column":4},"end":{"line":22,"column":5}},{"start":{"line":17,"column":4},"end":{"line":22,"column":5}}],"line":17},"1":{"loc":{"start":{"line":25,"column":4},"end":{"line":29,"column":5}},"type":"if","locations":[{"start":{"line":25,"column":4},"end":{"line":29,"column":5}},{"start":{"line":25,"column":4},"end":{"line":29,"column":5}}],"line":25},"2":{"loc":{"start":{"line":84,"column":4},"end":{"line":89,"column":5}},"type":"if","locations":[{"start":{"line":84,"column":4},"end":{"line":89,"column":5}},{"start":{"line":84,"column":4},"end":{"line":89,"column":5}}],"line":84},"3":{"loc":{"start":{"line":92,"column":4},"end":{"line":96,"column":5}},"type":"if","locations":[{"start":{"line":92,"column":4},"end":{"line":96,"column":5}},{"start":{"line":92,"column":4},"end":{"line":96,"column":5}}],"line":92},"4":{"loc":{"start":{"line":123,"column":8},"end":{"line":127,"column":9}},"type":"if","locations":[{"start":{"line":123,"column":8},"end":{"line":127,"column":9}},{"start":{"line":123,"column":8},"end":{"line":127,"column":9}}],"line":123},"5":{"loc":{"start":{"line":133,"column":8},"end":{"line":137,"column":9}},"type":"if","locations":[{"start":{"line":133,"column":8},"end":{"line":137,"column":9}},{"start":{"line":133,"column":8},"end":{"line":137,"column":9}}],"line":133},"6":{"loc":{"start":{"line":169,"column":4},"end":{"line":174,"column":5}},"type":"if","locations":[{"start":{"line":169,"column":4},"end":{"line":174,"column":5}},{"start":{"line":169,"column":4},"end":{"line":174,"column":5}}],"line":169},"7":{"loc":{"start":{"line":177,"column":4},"end":{"line":181,"column":5}},"type":"if","locations":[{"start":{"line":177,"column":4},"end":{"line":181,"column":5}},{"start":{"line":177,"column":4},"end":{"line":181,"column":5}}],"line":177},"8":{"loc":{"start":{"line":205,"column":8},"end":{"line":207,"column":9}},"type":"if","locations":[{"start":{"line":205,"column":8},"end":{"line":207,"column":9}},{"start":{"line":205,"column":8},"end":{"line":207,"column":9}}],"line":205}},"s":{"0":1,"1":1,"2":1,"3":1,"4":1,"5":1,"6":1,"7":1,"8":1,"9":0,"10":1,"11":0,"12":1,"13":1,"14":1,"15":1,"16":1,"17":1,"18":0,"19":1,"20":0,"21":0,"22":0,"23":0,"24":0,"25":0,"26":0,"27":1,"28":0,"29":0,"30":0,"31":0,"32":0,"33":0,"34":0,"35":0,"36":0,"37":0,"38":1,"39":0,"40":0,"41":0,"42":0,"43":0,"44":0,"45":0,"46":1,"47":0,"48":0,"49":0,"50":0,"51":0,"52":0},"f":{"0":1,"1":1,"2":1,"3":0,"4":0,"5":0,"6":0,"7":0,"8":0},"b":{"0":[0,1],"1":[0,1],"2":[0,0],"3":[0,0],"4":[0,0],"5":[0,0],"6":[0,0],"7":[0,0],"8":[0,0]},"_coverageSchema":"1a1c01bbd47fc00a2c39e90264f33305004495a9","hash":"3491d5af4223ce32b32f9c2db13c29b02306a793"}
,"/home/karina/Documents/Glints Academy/GlintsXBinar/Week 6/Day-30/middlewares/validators/authValidator.js": {"path":"/home/karina/Documents/Glints Academy/GlintsXBinar/Week 6/Day-30/middlewares/validators/authValidator.js","statementMap":{"0":{"start":{"line":1,"column":19},"end":{"line":1,"column":39}},"1":{"start":{"line":3,"column":0},"end":{"line":34,"column":1}},"2":{"start":{"line":4,"column":17},"end":{"line":4,"column":19}},"3":{"start":{"line":7,"column":4},"end":{"line":9,"column":4}},"4":{"start":{"line":8,"column":8},"end":{"line":8,"column":57}},"5":{"start":{"line":14,"column":3},"end":{"line":18,"column":4}},"6":{"start":{"line":15,"column":7},"end":{"line":17,"column":9}},"7":{"start":{"line":21,"column":3},"end":{"line":23,"column":4}},"8":{"start":{"line":22,"column":7},"end":{"line":22,"column":69}},"9":{"start":{"line":26,"column":3},"end":{"line":31,"column":4}},"10":{"start":{"line":28,"column":7},"end":{"line":30,"column":10}},"11":{"start":{"line":33,"column":3},"end":{"line":33,"column":10}},"12":{"start":{"line":36,"column":0},"end":{"line":53,"column":1}},"13":{"start":{"line":37,"column":17},"end":{"line":37,"column":19}},"14":{"start":{"line":40,"column":4},"end":{"line":42,"column":4}},"15":{"start":{"line":41,"column":8},"end":{"line":41,"column":57}},"16":{"start":{"line":45,"column":3},"end":{"line":50,"column":4}},"17":{"start":{"line":47,"column":7},"end":{"line":49,"column":10}},"18":{"start":{"line":52,"column":3},"end":{"line":52,"column":10}}},"fnMap":{"0":{"name":"(anonymous_0)","decl":{"start":{"line":3,"column":17},"end":{"line":3,"column":18}},"loc":{"start":{"line":3,"column":42},"end":{"line":34,"column":1}},"line":3},"1":{"name":"(anonymous_1)","decl":{"start":{"line":36,"column":17},"end":{"line":36,"column":18}},"loc":{"start":{"line":36,"column":42},"end":{"line":53,"column":1}},"line":36}},"branchMap":{"0":{"loc":{"start":{"line":7,"column":4},"end":{"line":9,"column":4}},"type":"if","locations":[{"start":{"line":7,"column":4},"end":{"line":9,"column":4}},{"start":{"line":7,"column":4},"end":{"line":9,"column":4}}],"line":7},"1":{"loc":{"start":{"line":14,"column":3},"end":{"line":18,"column":4}},"type":"if","locations":[{"start":{"line":14,"column":3},"end":{"line":18,"column":4}},{"start":{"line":14,"column":3},"end":{"line":18,"column":4}}],"line":14},"2":{"loc":{"start":{"line":21,"column":3},"end":{"line":23,"column":4}},"type":"if","locations":[{"start":{"line":21,"column":3},"end":{"line":23,"column":4}},{"start":{"line":21,"column":3},"end":{"line":23,"column":4}}],"line":21},"3":{"loc":{"start":{"line":26,"column":3},"end":{"line":31,"column":4}},"type":"if","locations":[{"start":{"line":26,"column":3},"end":{"line":31,"column":4}},{"start":{"line":26,"column":3},"end":{"line":31,"column":4}}],"line":26},"4":{"loc":{"start":{"line":40,"column":4},"end":{"line":42,"column":4}},"type":"if","locations":[{"start":{"line":40,"column":4},"end":{"line":42,"column":4}},{"start":{"line":40,"column":4},"end":{"line":42,"column":4}}],"line":40},"5":{"loc":{"start":{"line":45,"column":3},"end":{"line":50,"column":4}},"type":"if","locations":[{"start":{"line":45,"column":3},"end":{"line":50,"column":4}},{"start":{"line":45,"column":3},"end":{"line":50,"column":4}}],"line":45}},"s":{"0":1,"1":1,"2":1,"3":1,"4":0,"5":1,"6":0,"7":1,"8":0,"9":1,"10":0,"11":1,"12":1,"13":0,"14":0,"15":0,"16":0,"17":0,"18":0},"f":{"0":1,"1":0},"b":{"0":[0,1],"1":[0,1],"2":[0,1],"3":[0,1],"4":[0,0],"5":[0,0]},"_coverageSchema":"1a1c01bbd47fc00a2c39e90264f33305004495a9","hash":"4cdc3b76abd2fe1455a259909de262f880e5c10b"}
,"/home/karina/Documents/Glints Academy/GlintsXBinar/Week 6/Day-30/middlewares/validators/barangValidator.js": {"path":"/home/karina/Documents/Glints Academy/GlintsXBinar/Week 6/Day-30/middlewares/validators/barangValidator.js","statementMap":{"0":{"start":{"line":1,"column":15},"end":{"line":1,"column":32}},"1":{"start":{"line":2,"column":13},"end":{"line":2,"column":28}},"2":{"start":{"line":3,"column":17},"end":{"line":3,"column":36}},"3":{"start":{"line":4,"column":18},"end":{"line":4,"column":38}},"4":{"start":{"line":5,"column":50},"end":{"line":5,"column":73}},"5":{"start":{"line":7,"column":0},"end":{"line":93,"column":2}},"6":{"start":{"line":9,"column":15},"end":{"line":9,"column":17}},"7":{"start":{"line":12,"column":2},"end":{"line":16,"column":3}},"8":{"start":{"line":13,"column":4},"end":{"line":15,"column":6}},"9":{"start":{"line":19,"column":2},"end":{"line":23,"column":3}},"10":{"start":{"line":20,"column":4},"end":{"line":22,"column":7}},"11":{"start":{"line":25,"column":17},"end":{"line":28,"column":4}},"12":{"start":{"line":31,"column":2},"end":{"line":33,"column":3}},"13":{"start":{"line":32,"column":4},"end":{"line":32,"column":38}},"14":{"start":{"line":36,"column":2},"end":{"line":38,"column":3}},"15":{"start":{"line":37,"column":4},"end":{"line":37,"column":37}},"16":{"start":{"line":41,"column":2},"end":{"line":43,"column":3}},"17":{"start":{"line":42,"column":4},"end":{"line":42,"column":42}},"18":{"start":{"line":46,"column":2},"end":{"line":51,"column":3}},"19":{"start":{"line":48,"column":4},"end":{"line":50,"column":7}},"20":{"start":{"line":54,"column":2},"end":{"line":87,"column":3}},"21":{"start":{"line":55,"column":17},"end":{"line":55,"column":32}},"22":{"start":{"line":58,"column":4},"end":{"line":60,"column":5}},"23":{"start":{"line":59,"column":6},"end":{"line":59,"column":43}},"24":{"start":{"line":63,"column":4},"end":{"line":65,"column":5}},"25":{"start":{"line":64,"column":6},"end":{"line":64,"column":49}},"26":{"start":{"line":68,"column":19},"end":{"line":68,"column":57}},"27":{"start":{"line":71,"column":4},"end":{"line":71,"column":58}},"28":{"start":{"line":74,"column":4},"end":{"line":74,"column":31}},"29":{"start":{"line":77,"column":4},"end":{"line":86,"column":7}},"30":{"start":{"line":78,"column":6},"end":{"line":85,"column":7}},"31":{"start":{"line":79,"column":8},"end":{"line":79,"column":27}},"32":{"start":{"line":81,"column":8},"end":{"line":84,"column":11}},"33":{"start":{"line":89,"column":2},"end":{"line":89,"column":41}},"34":{"start":{"line":92,"column":2},"end":{"line":92,"column":9}}},"fnMap":{"0":{"name":"(anonymous_0)","decl":{"start":{"line":7,"column":17},"end":{"line":7,"column":18}},"loc":{"start":{"line":7,"column":43},"end":{"line":93,"column":1}},"line":7},"1":{"name":"(anonymous_1)","decl":{"start":{"line":77,"column":44},"end":{"line":77,"column":45}},"loc":{"start":{"line":77,"column":59},"end":{"line":86,"column":5}},"line":77}},"branchMap":{"0":{"loc":{"start":{"line":12,"column":2},"end":{"line":16,"column":3}},"type":"if","locations":[{"start":{"line":12,"column":2},"end":{"line":16,"column":3}},{"start":{"line":12,"column":2},"end":{"line":16,"column":3}}],"line":12},"1":{"loc":{"start":{"line":19,"column":2},"end":{"line":23,"column":3}},"type":"if","locations":[{"start":{"line":19,"column":2},"end":{"line":23,"column":3}},{"start":{"line":19,"column":2},"end":{"line":23,"column":3}}],"line":19},"2":{"loc":{"start":{"line":31,"column":2},"end":{"line":33,"column":3}},"type":"if","locations":[{"start":{"line":31,"column":2},"end":{"line":33,"column":3}},{"start":{"line":31,"column":2},"end":{"line":33,"column":3}}],"line":31},"3":{"loc":{"start":{"line":36,"column":2},"end":{"line":38,"column":3}},"type":"if","locations":[{"start":{"line":36,"column":2},"end":{"line":38,"column":3}},{"start":{"line":36,"column":2},"end":{"line":38,"column":3}}],"line":36},"4":{"loc":{"start":{"line":41,"column":2},"end":{"line":43,"column":3}},"type":"if","locations":[{"start":{"line":41,"column":2},"end":{"line":43,"column":3}},{"start":{"line":41,"column":2},"end":{"line":43,"column":3}}],"line":41},"5":{"loc":{"start":{"line":46,"column":2},"end":{"line":51,"column":3}},"type":"if","locations":[{"start":{"line":46,"column":2},"end":{"line":51,"column":3}},{"start":{"line":46,"column":2},"end":{"line":51,"column":3}}],"line":46},"6":{"loc":{"start":{"line":54,"column":2},"end":{"line":87,"column":3}},"type":"if","locations":[{"start":{"line":54,"column":2},"end":{"line":87,"column":3}},{"start":{"line":54,"column":2},"end":{"line":87,"column":3}}],"line":54},"7":{"loc":{"start":{"line":58,"column":4},"end":{"line":60,"column":5}},"type":"if","locations":[{"start":{"line":58,"column":4},"end":{"line":60,"column":5}},{"start":{"line":58,"column":4},"end":{"line":60,"column":5}}],"line":58},"8":{"loc":{"start":{"line":63,"column":4},"end":{"line":65,"column":5}},"type":"if","locations":[{"start":{"line":63,"column":4},"end":{"line":65,"column":5}},{"start":{"line":63,"column":4},"end":{"line":65,"column":5}}],"line":63},"9":{"loc":{"start":{"line":78,"column":6},"end":{"line":85,"column":7}},"type":"if","locations":[{"start":{"line":78,"column":6},"end":{"line":85,"column":7}},{"start":{"line":78,"column":6},"end":{"line":85,"column":7}}],"line":78}},"s":{"0":1,"1":1,"2":1,"3":1,"4":1,"5":1,"6":0,"7":0,"8":0,"9":0,"10":0,"11":0,"12":0,"13":0,"14":0,"15":0,"16":0,"17":0,"18":0,"19":0,"20":0,"21":0,"22":0,"23":0,"24":0,"25":0,"26":0,"27":0,"28":0,"29":0,"30":0,"31":0,"32":0,"33":0,"34":0},"f":{"0":0,"1":0},"b":{"0":[0,0],"1":[0,0],"2":[0,0],"3":[0,0],"4":[0,0],"5":[0,0],"6":[0,0],"7":[0,0],"8":[0,0],"9":[0,0]},"_coverageSchema":"1a1c01bbd47fc00a2c39e90264f33305004495a9","hash":"a08107f7d36d3cf45e2169d738103614fbb7581b"}
,"/home/karina/Documents/Glints Academy/GlintsXBinar/Week 6/Day-30/middlewares/validators/transaksiValidator.js": {"path":"/home/karina/Documents/Glints Academy/GlintsXBinar/Week 6/Day-30/middlewares/validators/transaksiValidator.js","statementMap":{"0":{"start":{"line":1,"column":17},"end":{"line":1,"column":36}},"1":{"start":{"line":2,"column":18},"end":{"line":2,"column":38}},"2":{"start":{"line":3,"column":50},"end":{"line":3,"column":73}},"3":{"start":{"line":5,"column":0},"end":{"line":14,"column":2}},"4":{"start":{"line":7,"column":2},"end":{"line":11,"column":3}},"5":{"start":{"line":8,"column":4},"end":{"line":10,"column":7}},"6":{"start":{"line":13,"column":2},"end":{"line":13,"column":9}},"7":{"start":{"line":16,"column":0},"end":{"line":75,"column":2}},"8":{"start":{"line":17,"column":15},"end":{"line":17,"column":17}},"9":{"start":{"line":20,"column":2},"end":{"line":24,"column":3}},"10":{"start":{"line":21,"column":4},"end":{"line":23,"column":6}},"11":{"start":{"line":27,"column":2},"end":{"line":31,"column":3}},"12":{"start":{"line":28,"column":4},"end":{"line":30,"column":6}},"13":{"start":{"line":34,"column":2},"end":{"line":38,"column":3}},"14":{"start":{"line":35,"column":4},"end":{"line":37,"column":7}},"15":{"start":{"line":41,"column":17},"end":{"line":44,"column":4}},"16":{"start":{"line":47,"column":2},"end":{"line":49,"column":3}},"17":{"start":{"line":48,"column":4},"end":{"line":48,"column":36}},"18":{"start":{"line":52,"column":2},"end":{"line":54,"column":3}},"19":{"start":{"line":53,"column":4},"end":{"line":53,"column":39}},"20":{"start":{"line":57,"column":2},"end":{"line":59,"column":3}},"21":{"start":{"line":58,"column":4},"end":{"line":58,"column":43}},"22":{"start":{"line":62,"column":2},"end":{"line":66,"column":3}},"23":{"start":{"line":63,"column":4},"end":{"line":65,"column":7}},"24":{"start":{"line":69,"column":2},"end":{"line":69,"column":32}},"25":{"start":{"line":70,"column":2},"end":{"line":70,"column":35}},"26":{"start":{"line":71,"column":2},"end":{"line":71,"column":61}},"27":{"start":{"line":74,"column":2},"end":{"line":74,"column":9}},"28":{"start":{"line":77,"column":0},"end":{"line":149,"column":2}},"29":{"start":{"line":78,"column":15},"end":{"line":78,"column":17}},"30":{"start":{"line":81,"column":2},"end":{"line":85,"column":3}},"31":{"start":{"line":82,"column":4},"end":{"line":84,"column":6}},"32":{"start":{"line":88,"column":2},"end":{"line":92,"column":3}},"33":{"start":{"line":89,"column":4},"end":{"line":91,"column":6}},"34":{"start":{"line":95,"column":2},"end":{"line":99,"column":3}},"35":{"start":{"line":96,"column":4},"end":{"line":98,"column":6}},"36":{"start":{"line":102,"column":2},"end":{"line":106,"column":3}},"37":{"start":{"line":103,"column":4},"end":{"line":105,"column":7}},"38":{"start":{"line":109,"column":17},"end":{"line":113,"column":4}},"39":{"start":{"line":116,"column":2},"end":{"line":118,"column":3}},"40":{"start":{"line":117,"column":4},"end":{"line":117,"column":36}},"41":{"start":{"line":121,"column":2},"end":{"line":123,"column":3}},"42":{"start":{"line":122,"column":4},"end":{"line":122,"column":39}},"43":{"start":{"line":126,"column":2},"end":{"line":128,"column":3}},"44":{"start":{"line":127,"column":4},"end":{"line":127,"column":39}},"45":{"start":{"line":131,"column":2},"end":{"line":133,"column":3}},"46":{"start":{"line":132,"column":4},"end":{"line":132,"column":43}},"47":{"start":{"line":136,"column":2},"end":{"line":140,"column":3}},"48":{"start":{"line":137,"column":4},"end":{"line":139,"column":7}},"49":{"start":{"line":143,"column":2},"end":{"line":143,"column":32}},"50":{"start":{"line":144,"column":2},"end":{"line":144,"column":35}},"51":{"start":{"line":145,"column":2},"end":{"line":145,"column":61}},"52":{"start":{"line":148,"column":2},"end":{"line":148,"column":9}},"53":{"start":{"line":151,"column":0},"end":{"line":185,"column":2}},"54":{"start":{"line":152,"column":15},"end":{"line":152,"column":17}},"55":{"start":{"line":155,"column":2},"end":{"line":159,"column":3}},"56":{"start":{"line":156,"column":4},"end":{"line":158,"column":6}},"57":{"start":{"line":162,"column":2},"end":{"line":166,"column":3}},"58":{"start":{"line":163,"column":4},"end":{"line":165,"column":7}},"59":{"start":{"line":169,"column":13},"end":{"line":169,"column":60}},"60":{"start":{"line":172,"column":2},"end":{"line":174,"column":3}},"61":{"start":{"line":173,"column":4},"end":{"line":173,"column":39}},"62":{"start":{"line":177,"column":2},"end":{"line":181,"column":3}},"63":{"start":{"line":178,"column":4},"end":{"line":180,"column":7}},"64":{"start":{"line":184,"column":2},"end":{"line":184,"column":9}}},"fnMap":{"0":{"name":"(anonymous_0)","decl":{"start":{"line":5,"column":17},"end":{"line":5,"column":18}},"loc":{"start":{"line":5,"column":37},"end":{"line":14,"column":1}},"line":5},"1":{"name":"(anonymous_1)","decl":{"start":{"line":16,"column":17},"end":{"line":16,"column":18}},"loc":{"start":{"line":16,"column":43},"end":{"line":75,"column":1}},"line":16},"2":{"name":"(anonymous_2)","decl":{"start":{"line":77,"column":17},"end":{"line":77,"column":18}},"loc":{"start":{"line":77,"column":43},"end":{"line":149,"column":1}},"line":77},"3":{"name":"(anonymous_3)","decl":{"start":{"line":151,"column":17},"end":{"line":151,"column":18}},"loc":{"start":{"line":151,"column":43},"end":{"line":185,"column":1}},"line":151}},"branchMap":{"0":{"loc":{"start":{"line":7,"column":2},"end":{"line":11,"column":3}},"type":"if","locations":[{"start":{"line":7,"column":2},"end":{"line":11,"column":3}},{"start":{"line":7,"column":2},"end":{"line":11,"column":3}}],"line":7},"1":{"loc":{"start":{"line":20,"column":2},"end":{"line":24,"column":3}},"type":"if","locations":[{"start":{"line":20,"column":2},"end":{"line":24,"column":3}},{"start":{"line":20,"column":2},"end":{"line":24,"column":3}}],"line":20},"2":{"loc":{"start":{"line":27,"column":2},"end":{"line":31,"column":3}},"type":"if","locations":[{"start":{"line":27,"column":2},"end":{"line":31,"column":3}},{"start":{"line":27,"column":2},"end":{"line":31,"column":3}}],"line":27},"3":{"loc":{"start":{"line":34,"column":2},"end":{"line":38,"column":3}},"type":"if","locations":[{"start":{"line":34,"column":2},"end":{"line":38,"column":3}},{"start":{"line":34,"column":2},"end":{"line":38,"column":3}}],"line":34},"4":{"loc":{"start":{"line":47,"column":2},"end":{"line":49,"column":3}},"type":"if","locations":[{"start":{"line":47,"column":2},"end":{"line":49,"column":3}},{"start":{"line":47,"column":2},"end":{"line":49,"column":3}}],"line":47},"5":{"loc":{"start":{"line":52,"column":2},"end":{"line":54,"column":3}},"type":"if","locations":[{"start":{"line":52,"column":2},"end":{"line":54,"column":3}},{"start":{"line":52,"column":2},"end":{"line":54,"column":3}}],"line":52},"6":{"loc":{"start":{"line":57,"column":2},"end":{"line":59,"column":3}},"type":"if","locations":[{"start":{"line":57,"column":2},"end":{"line":59,"column":3}},{"start":{"line":57,"column":2},"end":{"line":59,"column":3}}],"line":57},"7":{"loc":{"start":{"line":62,"column":2},"end":{"line":66,"column":3}},"type":"if","locations":[{"start":{"line":62,"column":2},"end":{"line":66,"column":3}},{"start":{"line":62,"column":2},"end":{"line":66,"column":3}}],"line":62},"8":{"loc":{"start":{"line":81,"column":2},"end":{"line":85,"column":3}},"type":"if","locations":[{"start":{"line":81,"column":2},"end":{"line":85,"column":3}},{"start":{"line":81,"column":2},"end":{"line":85,"column":3}}],"line":81},"9":{"loc":{"start":{"line":88,"column":2},"end":{"line":92,"column":3}},"type":"if","locations":[{"start":{"line":88,"column":2},"end":{"line":92,"column":3}},{"start":{"line":88,"column":2},"end":{"line":92,"column":3}}],"line":88},"10":{"loc":{"start":{"line":95,"column":2},"end":{"line":99,"column":3}},"type":"if","locations":[{"start":{"line":95,"column":2},"end":{"line":99,"column":3}},{"start":{"line":95,"column":2},"end":{"line":99,"column":3}}],"line":95},"11":{"loc":{"start":{"line":102,"column":2},"end":{"line":106,"column":3}},"type":"if","locations":[{"start":{"line":102,"column":2},"end":{"line":106,"column":3}},{"start":{"line":102,"column":2},"end":{"line":106,"column":3}}],"line":102},"12":{"loc":{"start":{"line":116,"column":2},"end":{"line":118,"column":3}},"type":"if","locations":[{"start":{"line":116,"column":2},"end":{"line":118,"column":3}},{"start":{"line":116,"column":2},"end":{"line":118,"column":3}}],"line":116},"13":{"loc":{"start":{"line":121,"column":2},"end":{"line":123,"column":3}},"type":"if","locations":[{"start":{"line":121,"column":2},"end":{"line":123,"column":3}},{"start":{"line":121,"column":2},"end":{"line":123,"column":3}}],"line":121},"14":{"loc":{"start":{"line":126,"column":2},"end":{"line":128,"column":3}},"type":"if","locations":[{"start":{"line":126,"column":2},"end":{"line":128,"column":3}},{"start":{"line":126,"column":2},"end":{"line":128,"column":3}}],"line":126},"15":{"loc":{"start":{"line":131,"column":2},"end":{"line":133,"column":3}},"type":"if","locations":[{"start":{"line":131,"column":2},"end":{"line":133,"column":3}},{"start":{"line":131,"column":2},"end":{"line":133,"column":3}}],"line":131},"16":{"loc":{"start":{"line":136,"column":2},"end":{"line":140,"column":3}},"type":"if","locations":[{"start":{"line":136,"column":2},"end":{"line":140,"column":3}},{"start":{"line":136,"column":2},"end":{"line":140,"column":3}}],"line":136},"17":{"loc":{"start":{"line":155,"column":2},"end":{"line":159,"column":3}},"type":"if","locations":[{"start":{"line":155,"column":2},"end":{"line":159,"column":3}},{"start":{"line":155,"column":2},"end":{"line":159,"column":3}}],"line":155},"18":{"loc":{"start":{"line":162,"column":2},"end":{"line":166,"column":3}},"type":"if","locations":[{"start":{"line":162,"column":2},"end":{"line":166,"column":3}},{"start":{"line":162,"column":2},"end":{"line":166,"column":3}}],"line":162},"19":{"loc":{"start":{"line":172,"column":2},"end":{"line":174,"column":3}},"type":"if","locations":[{"start":{"line":172,"column":2},"end":{"line":174,"column":3}},{"start":{"line":172,"column":2},"end":{"line":174,"column":3}}],"line":172},"20":{"loc":{"start":{"line":177,"column":2},"end":{"line":181,"column":3}},"type":"if","locations":[{"start":{"line":177,"column":2},"end":{"line":181,"column":3}},{"start":{"line":177,"column":2},"end":{"line":181,"column":3}}],"line":177}},"s":{"0":1,"1":1,"2":1,"3":1,"4":0,"5":0,"6":0,"7":1,"8":0,"9":0,"10":0,"11":0,"12":0,"13":0,"14":0,"15":0,"16":0,"17":0,"18":0,"19":0,"20":0,"21":0,"22":0,"23":0,"24":0,"25":0,"26":0,"27":0,"28":1,"29":0,"30":0,"31":0,"32":0,"33":0,"34":0,"35":0,"36":0,"37":0,"38":0,"39":0,"40":0,"41":0,"42":0,"43":0,"44":0,"45":0,"46":0,"47":0,"48":0,"49":0,"50":0,"51":0,"52":0,"53":1,"54":0,"55":0,"56":0,"57":0,"58":0,"59":0,"60":0,"61":0,"62":0,"63":0,"64":0},"f":{"0":0,"1":0,"2":0,"3":0},"b":{"0":[0,0],"1":[0,0],"2":[0,0],"3":[0,0],"4":[0,0],"5":[0,0],"6":[0,0],"7":[0,0],"8":[0,0],"9":[0,0],"10":[0,0],"11":[0,0],"12":[0,0],"13":[0,0],"14":[0,0],"15":[0,0],"16":[0,0],"17":[0,0],"18":[0,0],"19":[0,0],"20":[0,0]},"_coverageSchema":"1a1c01bbd47fc00a2c39e90264f33305004495a9","hash":"9b46bb2e25fd759804538f44b484822c1c5c1c9e"}
,"/home/karina/Documents/Glints Academy/GlintsXBinar/Week 6/Day-30/models/barang.js": {"path":"/home/karina/Documents/Glints Academy/GlintsXBinar/Week 6/Day-30/models/barang.js","statementMap":{"0":{"start":{"line":1,"column":17},"end":{"line":1,"column":36}},"1":{"start":{"line":2,"column":23},"end":{"line":2,"column":49}},"2":{"start":{"line":4,"column":21},"end":{"line":36,"column":1}},"3":{"start":{"line":40,"column":2},"end":{"line":42,"column":3}},"4":{"start":{"line":41,"column":4},"end":{"line":41,"column":16}},"5":{"start":{"line":44,"column":2},"end":{"line":44,"column":28}},"6":{"start":{"line":48,"column":0},"end":{"line":48,"column":64}},"7":{"start":{"line":50,"column":0},"end":{"line":50,"column":66}}},"fnMap":{"0":{"name":"getImage","decl":{"start":{"line":39,"column":9},"end":{"line":39,"column":17}},"loc":{"start":{"line":39,"column":25},"end":{"line":45,"column":1}},"line":39}},"branchMap":{"0":{"loc":{"start":{"line":40,"column":2},"end":{"line":42,"column":3}},"type":"if","locations":[{"start":{"line":40,"column":2},"end":{"line":42,"column":3}},{"start":{"line":40,"column":2},"end":{"line":42,"column":3}}],"line":40}},"s":{"0":1,"1":1,"2":1,"3":0,"4":0,"5":0,"6":1,"7":1},"f":{"0":0},"b":{"0":[0,0]},"_coverageSchema":"1a1c01bbd47fc00a2c39e90264f33305004495a9","hash":"95736bf5b019ed6173474fd10672e2fe4622b212"}
,"/home/karina/Documents/Glints Academy/GlintsXBinar/Week 6/Day-30/models/index.js": {"path":"/home/karina/Documents/Glints Academy/GlintsXBinar/Week 6/Day-30/models/index.js","statementMap":{"0":{"start":{"line":1,"column":17},"end":{"line":1,"column":36}},"1":{"start":{"line":3,"column":12},"end":{"line":3,"column":33}},"2":{"start":{"line":6,"column":0},"end":{"line":14,"column":38}},"3":{"start":{"line":13,"column":14},"end":{"line":13,"column":47}},"4":{"start":{"line":14,"column":18},"end":{"line":14,"column":36}},"5":{"start":{"line":17,"column":15},"end":{"line":17,"column":34}},"6":{"start":{"line":18,"column":18},"end":{"line":18,"column":40}},"7":{"start":{"line":19,"column":16},"end":{"line":19,"column":36}},"8":{"start":{"line":20,"column":18},"end":{"line":20,"column":40}},"9":{"start":{"line":21,"column":13},"end":{"line":21,"column":30}},"10":{"start":{"line":23,"column":0},"end":{"line":23,"column":65}}},"fnMap":{"0":{"name":"(anonymous_0)","decl":{"start":{"line":13,"column":8},"end":{"line":13,"column":9}},"loc":{"start":{"line":13,"column":14},"end":{"line":13,"column":47}},"line":13},"1":{"name":"(anonymous_1)","decl":{"start":{"line":14,"column":9},"end":{"line":14,"column":10}},"loc":{"start":{"line":14,"column":18},"end":{"line":14,"column":36}},"line":14}},"branchMap":{},"s":{"0":1,"1":1,"2":1,"3":1,"4":0,"5":1,"6":1,"7":1,"8":1,"9":1,"10":1},"f":{"0":1,"1":0},"b":{},"_coverageSchema":"1a1c01bbd47fc00a2c39e90264f33305004495a9","hash":"f3a9e52c798fc2ba72aab3e3f621e86a5c1fccea"}
,"/home/karina/Documents/Glints Academy/GlintsXBinar/Week 6/Day-30/models/pelanggan.js": {"path":"/home/karina/Documents/Glints Academy/GlintsXBinar/Week 6/Day-30/models/pelanggan.js","statementMap":{"0":{"start":{"line":1,"column":17},"end":{"line":1,"column":36}},"1":{"start":{"line":2,"column":23},"end":{"line":2,"column":49}},"2":{"start":{"line":4,"column":24},"end":{"line":25,"column":1}},"3":{"start":{"line":29,"column":2},"end":{"line":31,"column":3}},"4":{"start":{"line":30,"column":4},"end":{"line":30,"column":16}},"5":{"start":{"line":33,"column":2},"end":{"line":33,"column":28}},"6":{"start":{"line":37,"column":0},"end":{"line":37,"column":67}},"7":{"start":{"line":39,"column":0},"end":{"line":39,"column":75}}},"fnMap":{"0":{"name":"getPhoto","decl":{"start":{"line":28,"column":9},"end":{"line":28,"column":17}},"loc":{"start":{"line":28,"column":25},"end":{"line":34,"column":1}},"line":28}},"branchMap":{"0":{"loc":{"start":{"line":29,"column":2},"end":{"line":31,"column":3}},"type":"if","locations":[{"start":{"line":29,"column":2},"end":{"line":31,"column":3}},{"start":{"line":29,"column":2},"end":{"line":31,"column":3}}],"line":29}},"s":{"0":1,"1":1,"2":1,"3":0,"4":0,"5":0,"6":1,"7":1},"f":{"0":0},"b":{"0":[0,0]},"_coverageSchema":"1a1c01bbd47fc00a2c39e90264f33305004495a9","hash":"3479deecc713cd9708d78565030cda4c0302e641"}
,"/home/karina/Documents/Glints Academy/GlintsXBinar/Week 6/Day-30/models/pemasok.js": {"path":"/home/karina/Documents/Glints Academy/GlintsXBinar/Week 6/Day-30/models/pemasok.js","statementMap":{"0":{"start":{"line":1,"column":17},"end":{"line":1,"column":36}},"1":{"start":{"line":2,"column":23},"end":{"line":2,"column":49}},"2":{"start":{"line":4,"column":22},"end":{"line":25,"column":1}},"3":{"start":{"line":29,"column":2},"end":{"line":31,"column":3}},"4":{"start":{"line":30,"column":4},"end":{"line":30,"column":16}},"5":{"start":{"line":33,"column":2},"end":{"line":33,"column":28}},"6":{"start":{"line":37,"column":0},"end":{"line":37,"column":65}},"7":{"start":{"line":39,"column":0},"end":{"line":39,"column":69}}},"fnMap":{"0":{"name":"getPhoto","decl":{"start":{"line":28,"column":9},"end":{"line":28,"column":17}},"loc":{"start":{"line":28,"column":25},"end":{"line":34,"column":1}},"line":28}},"branchMap":{"0":{"loc":{"start":{"line":29,"column":2},"end":{"line":31,"column":3}},"type":"if","locations":[{"start":{"line":29,"column":2},"end":{"line":31,"column":3}},{"start":{"line":29,"column":2},"end":{"line":31,"column":3}}],"line":29}},"s":{"0":1,"1":1,"2":1,"3":0,"4":0,"5":0,"6":1,"7":1},"f":{"0":0},"b":{"0":[0,0]},"_coverageSchema":"1a1c01bbd47fc00a2c39e90264f33305004495a9","hash":"c3201b3411d78214cb3f2bc4a601607a7f76e748"}
,"/home/karina/Documents/Glints Academy/GlintsXBinar/Week 6/Day-30/models/transaksi.js": {"path":"/home/karina/Documents/Glints Academy/GlintsXBinar/Week 6/Day-30/models/transaksi.js","statementMap":{"0":{"start":{"line":1,"column":17},"end":{"line":1,"column":36}},"1":{"start":{"line":2,"column":23},"end":{"line":2,"column":49}},"2":{"start":{"line":4,"column":24},"end":{"line":30,"column":1}},"3":{"start":{"line":33,"column":0},"end":{"line":33,"column":67}},"4":{"start":{"line":35,"column":0},"end":{"line":35,"column":75}}},"fnMap":{},"branchMap":{},"s":{"0":1,"1":1,"2":1,"3":1,"4":1},"f":{},"b":{},"_coverageSchema":"1a1c01bbd47fc00a2c39e90264f33305004495a9","hash":"b8de8587c0d6b1958614a2c4e14252e1d59e1ede"}
,"/home/karina/Documents/Glints Academy/GlintsXBinar/Week 6/Day-30/models/user.js": {"path":"/home/karina/Documents/Glints Academy/GlintsXBinar/Week 6/Day-30/models/user.js","statementMap":{"0":{"start":{"line":1,"column":17},"end":{"line":1,"column":36}},"1":{"start":{"line":2,"column":23},"end":{"line":2,"column":49}},"2":{"start":{"line":3,"column":15},"end":{"line":3,"column":32}},"3":{"start":{"line":5,"column":19},"end":{"line":35,"column":1}},"4":{"start":{"line":39,"column":28},"end":{"line":39,"column":57}},"5":{"start":{"line":40,"column":2},"end":{"line":40,"column":27}},"6":{"start":{"line":45,"column":0},"end":{"line":45,"column":62}},"7":{"start":{"line":47,"column":0},"end":{"line":47,"column":52}}},"fnMap":{"0":{"name":"encryptPassword","decl":{"start":{"line":38,"column":9},"end":{"line":38,"column":24}},"loc":{"start":{"line":38,"column":35},"end":{"line":41,"column":1}},"line":38}},"branchMap":{},"s":{"0":1,"1":1,"2":1,"3":1,"4":1,"5":1,"6":1,"7":1},"f":{"0":1},"b":{},"_coverageSchema":"1a1c01bbd47fc00a2c39e90264f33305004495a9","hash":"7a0306f32ae9d8df76e844e71798e651ec7f6ca9"}
,"/home/karina/Documents/Glints Academy/GlintsXBinar/Week 6/Day-30/routes/authRoute.js": {"path":"/home/karina/Documents/Glints Academy/GlintsXBinar/Week 6/Day-30/routes/authRoute.js","statementMap":{"0":{"start":{"line":1,"column":16},"end":{"line":1,"column":34}},"1":{"start":{"line":2,"column":17},"end":{"line":2,"column":36}},"2":{"start":{"line":5,"column":22},"end":{"line":5,"column":72}},"3":{"start":{"line":8,"column":23},"end":{"line":8,"column":63}},"4":{"start":{"line":11,"column":13},"end":{"line":11,"column":43}},"5":{"start":{"line":14,"column":15},"end":{"line":14,"column":31}},"6":{"start":{"line":17,"column":0},"end":{"line":17,"column":83}},"7":{"start":{"line":19,"column":0},"end":{"line":19,"column":83}},"8":{"start":{"line":21,"column":0},"end":{"line":21,"column":24}}},"fnMap":{},"branchMap":{},"s":{"0":1,"1":1,"2":1,"3":1,"4":1,"5":1,"6":1,"7":1,"8":1},"f":{},"b":{},"_coverageSchema":"1a1c01bbd47fc00a2c39e90264f33305004495a9","hash":"216904654cd83e12f2c3796d41a1a58a94a33074"}
,"/home/karina/Documents/Glints Academy/GlintsXBinar/Week 6/Day-30/routes/barangRoute.js": {"path":"/home/karina/Documents/Glints Academy/GlintsXBinar/Week 6/Day-30/routes/barangRoute.js","statementMap":{"0":{"start":{"line":1,"column":16},"end":{"line":1,"column":34}},"1":{"start":{"line":2,"column":15},"end":{"line":2,"column":31}},"2":{"start":{"line":5,"column":24},"end":{"line":5,"column":76}},"3":{"start":{"line":8,"column":25},"end":{"line":8,"column":67}},"4":{"start":{"line":13,"column":0},"end":{"line":13,"column":66}},"5":{"start":{"line":15,"column":0},"end":{"line":15,"column":24}}},"fnMap":{},"branchMap":{},"s":{"0":1,"1":1,"2":1,"3":1,"4":1,"5":1},"f":{},"b":{},"_coverageSchema":"1a1c01bbd47fc00a2c39e90264f33305004495a9","hash":"2f520dfd8be15594a0b58dd4dcc4c2c9e0558238"}
,"/home/karina/Documents/Glints Academy/GlintsXBinar/Week 6/Day-30/routes/transaksiRoute.js": {"path":"/home/karina/Documents/Glints Academy/GlintsXBinar/Week 6/Day-30/routes/transaksiRoute.js","statementMap":{"0":{"start":{"line":1,"column":16},"end":{"line":1,"column":34}},"1":{"start":{"line":2,"column":13},"end":{"line":2,"column":43}},"2":{"start":{"line":5,"column":27},"end":{"line":5,"column":82}},"3":{"start":{"line":8,"column":28},"end":{"line":8,"column":73}},"4":{"start":{"line":12,"column":15},"end":{"line":12,"column":31}},"5":{"start":{"line":15,"column":0},"end":{"line":15,"column":56}},"6":{"start":{"line":16,"column":0},"end":{"line":16,"column":47}},"7":{"start":{"line":17,"column":0},"end":{"line":17,"column":72}},"8":{"start":{"line":18,"column":0},"end":{"line":18,"column":74}},"9":{"start":{"line":19,"column":0},"end":{"line":19,"column":77}},"10":{"start":{"line":21,"column":0},"end":{"line":21,"column":24}}},"fnMap":{},"branchMap":{},"s":{"0":1,"1":1,"2":1,"3":1,"4":1,"5":1,"6":1,"7":1,"8":1,"9":1,"10":1},"f":{},"b":{},"_coverageSchema":"1a1c01bbd47fc00a2c39e90264f33305004495a9","hash":"6d27a9d878ab6427ef8d714cfc344373175fff0f"}
}
