TN:
SF:index.js
FN:37,(anonymous_0)
FNF:1
FNH:0
FNDA:0,(anonymous_0)
DA:1,1
DA:4,1
DA:5,1
DA:8,1
DA:9,1
DA:10,1
DA:13,1
DA:16,1
DA:17,1
DA:24,1
DA:27,1
DA:30,1
DA:31,1
DA:32,1
DA:35,1
DA:37,0
DA:41,1
LF:17
LH:16
BRDA:35,0,0,0
BRDA:35,0,1,1
BRF:2
BRH:1
end_of_record
TN:
SF:controllers/authController.js
FN:4,(anonymous_0)
FNF:1
FNH:1
FNDA:1,(anonymous_0)
DA:1,1
DA:5,1
DA:8,1
DA:16,1
DA:21,1
DA:27,0
DA:35,1
LF:7
LH:6
BRF:0
BRH:0
end_of_record
TN:
SF:controllers/barangController.js
FN:4,(anonymous_0)
FNF:1
FNH:0
FNDA:0,(anonymous_0)
DA:1,1
DA:5,0
DA:7,0
DA:10,0
DA:15,0
DA:20,0
DA:21,0
DA:29,1
LF:8
LH:2
BRF:0
BRH:0
end_of_record
TN:
SF:controllers/transaksiController.js
FN:5,(anonymous_0)
FN:31,(anonymous_1)
FN:57,(anonymous_2)
FN:84,(anonymous_3)
FN:113,(anonymous_4)
FNF:5
FNH:0
FNDA:0,(anonymous_0)
FNDA:0,(anonymous_1)
FNDA:0,(anonymous_2)
FNDA:0,(anonymous_3)
FNDA:0,(anonymous_4)
DA:1,1
DA:6,0
DA:8,0
DA:11,0
DA:12,0
DA:18,0
DA:23,0
DA:32,0
DA:34,0
DA:37,0
DA:38,0
DA:44,0
DA:49,0
DA:58,0
DA:60,0
DA:71,0
DA:76,0
DA:85,0
DA:87,0
DA:100,0
DA:105,0
DA:114,0
DA:116,0
DA:118,0
DA:122,0
DA:130,1
LF:26
LH:2
BRDA:11,0,0,0
BRDA:11,0,1,0
BRDA:37,1,0,0
BRDA:37,1,1,0
BRF:4
BRH:0
end_of_record
TN:
SF:middlewares/auth/index.js
FN:8,(anonymous_0)
FN:10,(anonymous_1)
FN:49,(anonymous_2)
FN:75,(anonymous_3)
FN:77,(anonymous_4)
FN:116,(anonymous_5)
FN:160,(anonymous_6)
FN:162,(anonymous_7)
FN:199,(anonymous_8)
FNF:9
FNH:3
FNDA:1,(anonymous_0)
FNDA:1,(anonymous_1)
FNDA:1,(anonymous_2)
FNDA:0,(anonymous_3)
FNDA:0,(anonymous_4)
FNDA:0,(anonymous_5)
FNDA:0,(anonymous_6)
FNDA:0,(anonymous_7)
FNDA:0,(anonymous_8)
DA:1,1
DA:2,1
DA:3,1
DA:4,1
DA:5,1
DA:6,1
DA:8,1
DA:10,1
DA:17,1
DA:18,0
DA:25,1
DA:26,0
DA:33,1
DA:36,1
DA:41,1
DA:50,1
DA:53,1
DA:59,1
DA:67,0
DA:75,1
DA:77,0
DA:84,0
DA:85,0
DA:92,0
DA:93,0
DA:100,0
DA:103,0
DA:108,1
DA:117,0
DA:120,0
DA:123,0
DA:124,0
DA:130,0
DA:133,0
DA:134,0
DA:143,0
DA:147,0
DA:152,0
DA:160,1
DA:162,0
DA:169,0
DA:170,0
DA:177,0
DA:178,0
DA:185,0
DA:188,0
DA:192,1
DA:200,0
DA:202,0
DA:205,0
DA:206,0
DA:209,0
DA:213,0
LF:53
LH:20
BRDA:17,0,0,0
BRDA:17,0,1,1
BRDA:25,1,0,0
BRDA:25,1,1,1
BRDA:84,2,0,0
BRDA:84,2,1,0
BRDA:92,3,0,0
BRDA:92,3,1,0
BRDA:123,4,0,0
BRDA:123,4,1,0
BRDA:133,5,0,0
BRDA:133,5,1,0
BRDA:169,6,0,0
BRDA:169,6,1,0
BRDA:177,7,0,0
BRDA:177,7,1,0
BRDA:205,8,0,0
BRDA:205,8,1,0
BRF:18
BRH:2
end_of_record
TN:
SF:middlewares/validators/authValidator.js
FN:3,(anonymous_0)
FN:36,(anonymous_1)
FNF:2
FNH:1
FNDA:1,(anonymous_0)
FNDA:0,(anonymous_1)
DA:1,1
DA:3,1
DA:4,1
DA:7,1
DA:8,0
DA:14,1
DA:15,0
DA:21,1
DA:22,0
DA:26,1
DA:28,0
DA:33,1
DA:36,1
DA:37,0
DA:40,0
DA:41,0
DA:45,0
DA:47,0
DA:52,0
LF:19
LH:9
BRDA:7,0,0,0
BRDA:7,0,1,1
BRDA:14,1,0,0
BRDA:14,1,1,1
BRDA:21,2,0,0
BRDA:21,2,1,1
BRDA:26,3,0,0
BRDA:26,3,1,1
BRDA:40,4,0,0
BRDA:40,4,1,0
BRDA:45,5,0,0
BRDA:45,5,1,0
BRF:12
BRH:4
end_of_record
TN:
SF:middlewares/validators/barangValidator.js
FN:7,(anonymous_0)
FN:77,(anonymous_1)
FNF:2
FNH:0
FNDA:0,(anonymous_0)
FNDA:0,(anonymous_1)
DA:1,1
DA:2,1
DA:3,1
DA:4,1
DA:5,1
DA:7,1
DA:9,0
DA:12,0
DA:13,0
DA:19,0
DA:20,0
DA:25,0
DA:31,0
DA:32,0
DA:36,0
DA:37,0
DA:41,0
DA:42,0
DA:46,0
DA:48,0
DA:54,0
DA:55,0
DA:58,0
DA:59,0
DA:63,0
DA:64,0
DA:68,0
DA:71,0
DA:74,0
DA:77,0
DA:78,0
DA:79,0
DA:81,0
DA:89,0
DA:92,0
LF:35
LH:6
BRDA:12,0,0,0
BRDA:12,0,1,0
BRDA:19,1,0,0
BRDA:19,1,1,0
BRDA:31,2,0,0
BRDA:31,2,1,0
BRDA:36,3,0,0
BRDA:36,3,1,0
BRDA:41,4,0,0
BRDA:41,4,1,0
BRDA:46,5,0,0
BRDA:46,5,1,0
BRDA:54,6,0,0
BRDA:54,6,1,0
BRDA:58,7,0,0
BRDA:58,7,1,0
BRDA:63,8,0,0
BRDA:63,8,1,0
BRDA:78,9,0,0
BRDA:78,9,1,0
BRF:20
BRH:0
end_of_record
TN:
SF:middlewares/validators/transaksiValidator.js
FN:5,(anonymous_0)
FN:16,(anonymous_1)
FN:77,(anonymous_2)
FN:151,(anonymous_3)
FNF:4
FNH:0
FNDA:0,(anonymous_0)
FNDA:0,(anonymous_1)
FNDA:0,(anonymous_2)
FNDA:0,(anonymous_3)
DA:1,1
DA:2,1
DA:3,1
DA:5,1
DA:7,0
DA:8,0
DA:13,0
DA:16,1
DA:17,0
DA:20,0
DA:21,0
DA:27,0
DA:28,0
DA:34,0
DA:35,0
DA:41,0
DA:47,0
DA:48,0
DA:52,0
DA:53,0
DA:57,0
DA:58,0
DA:62,0
DA:63,0
DA:69,0
DA:70,0
DA:71,0
DA:74,0
DA:77,1
DA:78,0
DA:81,0
DA:82,0
DA:88,0
DA:89,0
DA:95,0
DA:96,0
DA:102,0
DA:103,0
DA:109,0
DA:116,0
DA:117,0
DA:121,0
DA:122,0
DA:126,0
DA:127,0
DA:131,0
DA:132,0
DA:136,0
DA:137,0
DA:143,0
DA:144,0
DA:145,0
DA:148,0
DA:151,1
DA:152,0
DA:155,0
DA:156,0
DA:162,0
DA:163,0
DA:169,0
DA:172,0
DA:173,0
DA:177,0
DA:178,0
DA:184,0
LF:65
LH:7
BRDA:7,0,0,0
BRDA:7,0,1,0
BRDA:20,1,0,0
BRDA:20,1,1,0
BRDA:27,2,0,0
BRDA:27,2,1,0
BRDA:34,3,0,0
BRDA:34,3,1,0
BRDA:47,4,0,0
BRDA:47,4,1,0
BRDA:52,5,0,0
BRDA:52,5,1,0
BRDA:57,6,0,0
BRDA:57,6,1,0
BRDA:62,7,0,0
BRDA:62,7,1,0
BRDA:81,8,0,0
BRDA:81,8,1,0
BRDA:88,9,0,0
BRDA:88,9,1,0
BRDA:95,10,0,0
BRDA:95,10,1,0
BRDA:102,11,0,0
BRDA:102,11,1,0
BRDA:116,12,0,0
BRDA:116,12,1,0
BRDA:121,13,0,0
BRDA:121,13,1,0
BRDA:126,14,0,0
BRDA:126,14,1,0
BRDA:131,15,0,0
BRDA:131,15,1,0
BRDA:136,16,0,0
BRDA:136,16,1,0
BRDA:155,17,0,0
BRDA:155,17,1,0
BRDA:162,18,0,0
BRDA:162,18,1,0
BRDA:172,19,0,0
BRDA:172,19,1,0
BRDA:177,20,0,0
BRDA:177,20,1,0
BRF:42
BRH:0
end_of_record
TN:
SF:models/barang.js
FN:39,getImage
FNF:1
FNH:0
FNDA:0,getImage
DA:1,1
DA:2,1
DA:4,1
DA:40,0
DA:41,0
DA:44,0
DA:48,1
DA:50,1
LF:8
LH:5
BRDA:40,0,0,0
BRDA:40,0,1,0
BRF:2
BRH:0
end_of_record
TN:
SF:models/index.js
FN:13,(anonymous_0)
FN:14,(anonymous_1)
FNF:2
FNH:1
FNDA:1,(anonymous_0)
FNDA:0,(anonymous_1)
DA:1,1
DA:3,1
DA:6,1
DA:13,1
DA:14,0
DA:17,1
DA:18,1
DA:19,1
DA:20,1
DA:21,1
DA:23,1
LF:11
LH:10
BRF:0
BRH:0
end_of_record
TN:
SF:models/pelanggan.js
FN:28,getPhoto
FNF:1
FNH:0
FNDA:0,getPhoto
DA:1,1
DA:2,1
DA:4,1
DA:29,0
DA:30,0
DA:33,0
DA:37,1
DA:39,1
LF:8
LH:5
BRDA:29,0,0,0
BRDA:29,0,1,0
BRF:2
BRH:0
end_of_record
TN:
SF:models/pemasok.js
FN:28,getPhoto
FNF:1
FNH:0
FNDA:0,getPhoto
DA:1,1
DA:2,1
DA:4,1
DA:29,0
DA:30,0
DA:33,0
DA:37,1
DA:39,1
LF:8
LH:5
BRDA:29,0,0,0
BRDA:29,0,1,0
BRF:2
BRH:0
end_of_record
TN:
SF:models/transaksi.js
FNF:0
FNH:0
DA:1,1
DA:2,1
DA:4,1
DA:33,1
DA:35,1
LF:5
LH:5
BRF:0
BRH:0
end_of_record
TN:
SF:models/user.js
FN:38,encryptPassword
FNF:1
FNH:1
FNDA:1,encryptPassword
DA:1,1
DA:2,1
DA:3,1
DA:5,1
DA:39,1
DA:40,1
DA:45,1
DA:47,1
LF:8
LH:8
BRF:0
BRH:0
end_of_record
TN:
SF:routes/authRoute.js
FNF:0
FNH:0
DA:1,1
DA:2,1
DA:5,1
DA:8,1
DA:11,1
DA:14,1
DA:17,1
DA:19,1
DA:21,1
LF:9
LH:9
BRF:0
BRH:0
end_of_record
TN:
SF:routes/barangRoute.js
FNF:0
FNH:0
DA:1,1
DA:2,1
DA:5,1
DA:8,1
DA:13,1
DA:15,1
LF:6
LH:6
BRF:0
BRH:0
end_of_record
TN:
SF:routes/transaksiRoute.js
FNF:0
FNH:0
DA:1,1
DA:2,1
DA:5,1
DA:8,1
DA:12,1
DA:15,1
DA:16,1
DA:17,1
DA:18,1
DA:19,1
DA:21,1
LF:11
LH:11
BRF:0
BRH:0
end_of_record
